[INFO] - Scraping data...
[INFO] - Done scraping!
[INFO] - Scraping data...
[INFO] - Done scraping!
[INFO] - Downloading HTML from https://chess.com/members/bpovo1394...
[INFO] - Scraping data...
[INFO] - Done scraping!
[INFO] - Downloading HTML from https://chess.com/members/bpovo1394...
[INFO] - Scraping data...
[INFO] - Done scraping!
[INFO] - Downloading HTML from https://chess.com/members/bpovo1394...
[INFO] - Scraping data...
[INFO] - Done scraping!
[INFO] - Downloading HTML from https://chess.com/members/bpovo1394...
[INFO] - [object Promise]
[INFO] - Scraping data...
[INFO] - Done scraping!
[INFO] - Downloading HTML from https://chess.com/members/bpovo1394...
[INFO] - [object Promise]
[INFO] - Scraping data...
[INFO] - Done scraping!
[INFO] - Downloading HTML from https://chess.com/members/bpovo1394...
[INFO] - Scraping data...
[INFO] - Done scraping!
[INFO] - Downloading HTML from https://rocketleague.tracker.network/rocket-league/profile/xbl/LrSp4des/overview...
[INFO] - Scraping data...
[INFO] - Done scraping!
[INFO] - Scraping data...
[INFO] - Downloading HTML from https://chess.com/members/bpovo1394...
[INFO] - Done scraping!
[INFO] - Scraping data...
[INFO] - Downloading HTML from https://chess.com/members/bpovo1394...
[INFO] - Done scraping!
[INFO] - Scraping data...
[INFO] - Downloading HTML from https://chess.com/members/bpovo1394...
[INFO] - Done scraping!
[INFO] - Scraping data...
[INFO] - Downloading HTML from https://chess.com/members/bpovo1394...
[INFO] - Done scraping!
[INFO] - Scraping data...
[INFO] - Downloading HTML from https://chess.com/member/bpovo1394...
[INFO] - Done scraping!
[INFO] - Scraping data...
[INFO] - Downloading HTML from https://chess.com/member/bpovo1394...
[INFO] - Done scraping!
[INFO] - Scraping data...
[INFO] - Downloading HTML from https://chess.com/member/bpovo1394...
[INFO] - Done scraping!
[INFO] - Scraping data...
[INFO] - Downloading HTML from https://chess.com/member/bpovo1394...
[INFO] - Done scraping!
[INFO] - Scraping data...
[INFO] - Downloading HTML from https://chess.com/member/bpovo1394...
[INFO] - Done scraping!
[INFO] - Scraping data...
[INFO] - Downloading HTML from https://chess.com/member/bpovo1394...
[INFO] - Done scraping!
[INFO] - Scraping data...
[INFO] - Downloading HTML from https://chess.com/member/bpovo1394...
[INFO] - Done scraping!
[INFO] - Scraping data...
[INFO] - Downloading HTML from https://chess.com/member/bpovo1394...
[INFO] - Done scraping!
[INFO] - Scraping data...
[INFO] - Downloading HTML from https://chess.com/member/bpovo1394...
[INFO] - Done scraping!
[INFO] - Scraping data...
[INFO] - Downloading HTML from https://chess.com/member/bpovo1394...
[INFO] - Done scraping!
[INFO] - Scraping data...
[INFO] - Downloading HTML from https://chess.com/member/bpovo1394...
[INFO] - Done scraping!
[INFO] - Scraping data...
[INFO] - Downloading HTML from https://chess.com/member/bpovo1394...
[INFO] - Done scraping!
[INFO] - Scraping data...
[INFO] - Downloading HTML from https://chess.com/member/bpovo1394...
[INFO] - Done scraping!
[INFO] - Scraping data...
[INFO] - Downloading HTML from https://chess.com/member/bpovo1394...
[INFO] - Done scraping!
[INFO] - Scraping data...
[INFO] - Downloading HTML from https://chess.com/member/bpovo1394...
[INFO] - Done scraping!
[INFO] - Scraping data...
[INFO] - Downloading HTML from https://chess.com/member/bpovo1394...
[INFO] - Done scraping!
[INFO] - Scraping data...
[INFO] - Downloading HTML from https://chess.com/member/bpovo1394...
[INFO] - Done scraping!
[INFO] - Scraping data...
[INFO] - Downloading HTML from https://chess.com/member/bpovo1394...
[INFO] - Done scraping!
[INFO] - Scraping data...
[INFO] - Downloading HTML from https://chess.com/member/bpovo1394...
[INFO] - Done scraping!
[INFO] - Scraping data...
[INFO] - Downloading HTML from https://chess.com/member/bpovo1394...
[INFO] - Done scraping!
[INFO] - Scraping data...
[INFO] - Downloading HTML from https://chess.com/member/bpovo1394...
[INFO] - Done scraping!
[INFO] - Scraping data...
[INFO] - Downloading HTML from https://chess.com/member/bpovo1394...
[INFO] - Done scraping!
[INFO] - Scraping data...
[INFO] - Downloading HTML from https://chess.com/member/bpovo1394...
[INFO] - Done scraping!
[INFO] - Scraping data...
[INFO] - Downloading HTML from https://chess.com/member/bpovo1394...
[INFO] - Done scraping!
[INFO] - Scraping data...
[INFO] - Downloading HTML from https://chess.com/member/bpovo1394...
[INFO] - Done scraping!
[INFO] - Scraping data...
[INFO] - Downloading HTML from https://chess.com/member/bpovo1394...
[INFO] - Done scraping!
[INFO] - Scraping data...
[INFO] - Downloading HTML from https://chess.com/member/bpovo1394...
[INFO] - Done scraping!
[INFO] - Scraping data...
[INFO] - Downloading HTML from https://chess.com/member/bpovo1394...
[INFO] - Done scraping!
[INFO] - Scraping data...
[INFO] - Downloading HTML from https://chess.com/member/bpovo1394...
[INFO] - Done scraping!
[INFO] - Scraping data...
[INFO] - Downloading HTML from https://chess.com/member/bpovo1394...
[INFO] - Done scraping!
[INFO] - Scraping data...
[INFO] - Downloading HTML from https://chess.com/member/bpovo1394...
[INFO] - Done scraping!
[INFO] - Scraping data...
[INFO] - Downloading HTML from https://chess.com/member/bpovo1394...
[INFO] - Done scraping!
[INFO] - Scraping data...
[INFO] - Downloading HTML from https://chess.com/member/bpovo1394...
[INFO] - Done scraping!
[INFO] - Scraping data...
[INFO] - Downloading HTML from https://chess.com/member/bpovo1394...
[INFO] - Scraping data...
[INFO] - Downloading HTML from https://chess.com/member/bpovo1394...
[INFO] - Scraping data...
[INFO] - Downloading HTML from https://chess.com/member/bpovo1394...
[INFO] - Done scraping!
[INFO] - Scraping data...
[INFO] - Downloading HTML from https://chess.com/member/bpovo1394...
[INFO] - Done scraping!
[INFO] - Scraping data...
[INFO] - Downloading HTML from https://chess.com/member/bpovo1394...
[INFO] - Done scraping!
